<?xml version="1.0" encoding="UTF-8"?>
<testng-results ignored="0" total="1" passed="1" failed="0" skipped="0">
  <reporter-output>
  </reporter-output>
  <suite started-at="2022-05-22T19:47:18 PDT" name="Default suite" finished-at="2022-05-22T19:47:33 PDT" duration-ms="15456">
    <groups>
    </groups>
    <test started-at="2022-05-22T19:47:18 PDT" name="Default test" finished-at="2022-05-22T19:47:33 PDT" duration-ms="15456">
      <class name="com.amazonMarket.testCases.TC_HomePageTest_001">
        <test-method is-config="true" signature="setup()[pri:0, instance:com.amazonMarket.testCases.TC_HomePageTest_001@2805d709]" started-at="2022-05-22T19:47:18 PDT" name="setup" finished-at="2022-05-22T19:47:21 PDT" duration-ms="2615" status="PASS">
          <reporter-output>
          </reporter-output>
        </test-method> <!-- setup -->
        <test-method signature="HamburgerMenuTest()[pri:0, instance:com.amazonMarket.testCases.TC_HomePageTest_001@2805d709]" started-at="2022-05-22T19:47:21 PDT" name="HamburgerMenuTest" finished-at="2022-05-22T19:47:33 PDT" duration-ms="12538" status="PASS">
          <reporter-output>
          </reporter-output>
        </test-method> <!-- HamburgerMenuTest -->
        <test-method is-config="true" signature="teardown()[pri:0, instance:com.amazonMarket.testCases.TC_HomePageTest_001@2805d709]" started-at="2022-05-22T19:47:33 PDT" name="teardown" finished-at="2022-05-22T19:47:33 PDT" duration-ms="269" status="PASS">
          <reporter-output>
          </reporter-output>
        </test-method> <!-- teardown -->
      </class> <!-- com.amazonMarket.testCases.TC_HomePageTest_001 -->
    </test> <!-- Default test -->
  </suite> <!-- Default suite -->
</testng-results>
